Using pre-set license
Built from '2020.3/staging' branch; Version is '2020.3.32f1 (12f8b0834f07) revision 1243312'; Using compiler version '192528614'; Build Type 'Release'
OS: 'Windows 10  (10.0.19044) 64bit Professional' Language: 'en' Physical Memory: 16242 MB
BatchMode: 1, IsHumanControllingUs: 0, StartBugReporterOnCrash: 0, Is64bit: 1, IsPro: 0

COMMAND LINE ARGUMENTS:
C:\Program Files\Unity 2020.3.32f1\Editor\Unity.exe
-adb2
-batchMode
-noUpm
-name
AssetImportWorker0
-projectPath
C:/Users/kagan/Desktop/KurtulusWarStoryGame/Code
-logFile
Logs/AssetImportWorker0.log
-srvPort
53167
Successfully changed project path to: C:/Users/kagan/Desktop/KurtulusWarStoryGame/Code
C:/Users/kagan/Desktop/KurtulusWarStoryGame/Code
Using Asset Import Pipeline V2.
Refreshing native plugins compatible for Editor in 47.71 ms, found 3 plugins.
Preloading 0 native plugins for Editor in 0.00 ms.
Initialize engine version: 2020.3.32f1 (12f8b0834f07)
[Subsystems] Discovering subsystems at path C:/Program Files/Unity 2020.3.32f1/Editor/Data/Resources/UnitySubsystems
[Subsystems] Discovering subsystems at path C:/Users/kagan/Desktop/KurtulusWarStoryGame/Code/Assets
GfxDevice: creating device client; threaded=0
Direct3D:
    Version:  Direct3D 11.0 [level 11.1]
    Renderer: NVIDIA GeForce GTX 1650 (ID=0x1f91)
    Vendor:   
    VRAM:     3962 MB
    Driver:   30.0.15.1259
Initialize mono
Mono path[0] = 'C:/Program Files/Unity 2020.3.32f1/Editor/Data/Managed'
Mono path[1] = 'C:/Program Files/Unity 2020.3.32f1/Editor/Data/MonoBleedingEdge/lib/mono/unityjit'
Mono config path = 'C:/Program Files/Unity 2020.3.32f1/Editor/Data/MonoBleedingEdge/etc'
Using monoOptions --debugger-agent=transport=dt_socket,embedding=1,server=y,suspend=n,address=127.0.0.1:56280
Begin MonoManager ReloadAssembly
Registering precompiled unity dll's ...
Register platform support module: C:/Program Files/Unity 2020.3.32f1/Editor/Data/PlaybackEngines/WindowsStandaloneSupport/UnityEditor.WindowsStandalone.Extensions.dll
Registered in 0.002079 seconds.
Native extension for WindowsStandalone target not found
Refreshing native plugins compatible for Editor in 46.55 ms, found 3 plugins.
Preloading 0 native plugins for Editor in 0.00 ms.
Mono: successfully reloaded assembly
- Completed reload, in  0.551 seconds
Domain Reload Profiling:
	ReloadAssembly (551ms)
		BeginReloadAssembly (59ms)
			ExecutionOrderSort (0ms)
			DisableScriptedObjects (0ms)
			BackupInstance (0ms)
			ReleaseScriptingObjects (0ms)
			CreateAndSetChildDomain (1ms)
		EndReloadAssembly (424ms)
			LoadAssemblies (57ms)
			RebuildTransferFunctionScriptingTraits (0ms)
			SetupTypeCache (135ms)
			ReleaseScriptCaches (0ms)
			RebuildScriptCaches (30ms)
			SetupLoadedEditorAssemblies (165ms)
				LogAssemblyErrors (0ms)
				InitializePlatformSupportModulesInManaged (4ms)
				SetLoadedEditorAssemblies (0ms)
				RefreshPlugins (47ms)
				BeforeProcessingInitializeOnLoad (9ms)
				ProcessInitializeOnLoadAttributes (77ms)
				ProcessInitializeOnLoadMethodAttributes (27ms)
				AfterProcessingInitializeOnLoad (0ms)
				EditorAssembliesLoaded (0ms)
			ExecutionOrderSort2 (0ms)
			AwakeInstancesAfterBackupRestoration (0ms)
Platform modules already initialized, skipping
Registering precompiled user dll's ...
Registered in 0.003282 seconds.
Begin MonoManager ReloadAssembly
Native extension for WindowsStandalone target not found
Refreshing native plugins compatible for Editor in 47.84 ms, found 3 plugins.
Preloading 0 native plugins for Editor in 0.00 ms.
Mono: successfully reloaded assembly
- Completed reload, in  1.021 seconds
Domain Reload Profiling:
	ReloadAssembly (1021ms)
		BeginReloadAssembly (141ms)
			ExecutionOrderSort (0ms)
			DisableScriptedObjects (4ms)
			BackupInstance (0ms)
			ReleaseScriptingObjects (0ms)
			CreateAndSetChildDomain (18ms)
		EndReloadAssembly (824ms)
			LoadAssemblies (88ms)
			RebuildTransferFunctionScriptingTraits (0ms)
			SetupTypeCache (267ms)
			ReleaseScriptCaches (1ms)
			RebuildScriptCaches (46ms)
			SetupLoadedEditorAssemblies (314ms)
				LogAssemblyErrors (0ms)
				InitializePlatformSupportModulesInManaged (3ms)
				SetLoadedEditorAssemblies (0ms)
				RefreshPlugins (48ms)
				BeforeProcessingInitializeOnLoad (66ms)
				ProcessInitializeOnLoadAttributes (176ms)
				ProcessInitializeOnLoadMethodAttributes (16ms)
				AfterProcessingInitializeOnLoad (6ms)
				EditorAssembliesLoaded (0ms)
			ExecutionOrderSort2 (0ms)
			AwakeInstancesAfterBackupRestoration (6ms)
Platform modules already initialized, skipping
========================================================================
Worker process is ready to serve import requests
Launched and connected shader compiler UnityShaderCompiler.exe after 0.06 seconds
Refreshing native plugins compatible for Editor in 0.47 ms, found 3 plugins.
Preloading 0 native plugins for Editor in 0.00 ms.
Unloading 2262 Unused Serialized files (Serialized files now loaded: 0)
System memory in use before: 101.5 MB.
System memory in use after: 101.5 MB.

Unloading 30 unused Assets to reduce memory usage. Loaded Objects now: 2700.
Total: 3.520700 ms (FindLiveObjects: 0.357900 ms CreateObjectMapping: 0.192500 ms MarkObjects: 2.851200 ms  DeleteObjects: 0.118400 ms)

AssetImportParameters requested are different than current active one (requested -> active):
  custom:framework-win-MediaFoundation: 216162199b28c13a410421893ffa2e32 -> 
  custom:video-decoder-ogg-theora: a1e56fd34408186e4bbccfd4996cb3dc -> 
  custom:container-muxer-webm: aa71ff27fc2769a1b78a27578f13a17b -> 
  custom:container-demuxer-webm: 4f35f7cbe854078d1ac9338744f61a02 -> 
  custom:container-demuxer-ogg: 62fdf1f143b41e24485cea50d1cbac27 -> 
  custom:video-encoder-webm-vp8: eb34c28f22e8b96e1ab97ce403110664 -> 
  custom:video-decoder-webm-vp8: 9c59270c3fd7afecdb556c50c9e8de78 -> 
  custom:audio-decoder-ogg-vorbis: bf7c407c2cedff20999df2af8eb42d56 -> 
  custom:audio-encoder-webm-vorbis: bf7c407c2cedff20999df2af8eb42d56 -> 
========================================================================
Received Import Request.
  path: Assets/GamePlay/Game/Prefab/Obstacle.prefab
  artifactKey: Guid(6a9ccf5128b7b1349a5a89b136f037a4) Importer(815301076,1909f56bfc062723c751e8b465ee728b)
Start importing Assets/GamePlay/Game/Prefab/Obstacle.prefab using Guid(6a9ccf5128b7b1349a5a89b136f037a4) Importer(815301076,1909f56bfc062723c751e8b465ee728b)  -> (artifact id: '1e4281ce034a605b32438810db9ea50b') in 0.105925 seconds 
========================================================================
Received Prepare
Refreshing native plugins compatible for Editor in 3.23 ms, found 3 plugins.
Preloading 0 native plugins for Editor in 0.00 ms.
Unloading 18 Unused Serialized files (Serialized files now loaded: 0)
System memory in use before: 59.0 MB.
System memory in use after: 58.9 MB.

Unloading 18 unused Assets to reduce memory usage. Loaded Objects now: 2707.
Total: 3.295200 ms (FindLiveObjects: 0.179600 ms CreateObjectMapping: 0.078000 ms MarkObjects: 2.937800 ms  DeleteObjects: 0.099400 ms)

AssetImportParameters requested are different than current active one (requested -> active):
  custom:framework-win-MediaFoundation: 216162199b28c13a410421893ffa2e32 -> 
  custom:video-decoder-ogg-theora: a1e56fd34408186e4bbccfd4996cb3dc -> 
  custom:container-muxer-webm: aa71ff27fc2769a1b78a27578f13a17b -> 
  custom:container-demuxer-webm: 4f35f7cbe854078d1ac9338744f61a02 -> 
  custom:container-demuxer-ogg: 62fdf1f143b41e24485cea50d1cbac27 -> 
  custom:video-encoder-webm-vp8: eb34c28f22e8b96e1ab97ce403110664 -> 
  custom:video-decoder-webm-vp8: 9c59270c3fd7afecdb556c50c9e8de78 -> 
  custom:audio-decoder-ogg-vorbis: bf7c407c2cedff20999df2af8eb42d56 -> 
  custom:audio-encoder-webm-vorbis: bf7c407c2cedff20999df2af8eb42d56 -> 
========================================================================
Received Import Request.
  Time since last request: 16.184677 seconds.
  path: Assets/GamePlay/Game/Prefab/PF Village Props - Statue 1.prefab
  artifactKey: Guid(ef6a092b52479ad4f9f75a3cc7091dc6) Importer(815301076,1909f56bfc062723c751e8b465ee728b)
Start importing Assets/GamePlay/Game/Prefab/PF Village Props - Statue 1.prefab using Guid(ef6a092b52479ad4f9f75a3cc7091dc6) Importer(815301076,1909f56bfc062723c751e8b465ee728b)  -> (artifact id: 'dd9d51dc1c673ffc2d30cdb2fc978b86') in 0.018447 seconds 
========================================================================
Received Import Request.
  Time since last request: 0.000238 seconds.
  path: Assets/GamePlay/Game/Prefab/PF Village Props - Wheat D 1.prefab
  artifactKey: Guid(9c961270c3deea04ba2c8fe520d74c02) Importer(815301076,1909f56bfc062723c751e8b465ee728b)
Start importing Assets/GamePlay/Game/Prefab/PF Village Props - Wheat D 1.prefab using Guid(9c961270c3deea04ba2c8fe520d74c02) Importer(815301076,1909f56bfc062723c751e8b465ee728b)  -> (artifact id: 'a3645849a9e4350e9d4446c358bd5cf4') in 0.012580 seconds 
========================================================================
Received Import Request.
  Time since last request: 0.000278 seconds.
  path: Assets/GamePlay/Game/Prefab/PF Village Props - Wheat B 1.prefab
  artifactKey: Guid(9ee13aba5241f4845865c241ab8d50e0) Importer(815301076,1909f56bfc062723c751e8b465ee728b)
Start importing Assets/GamePlay/Game/Prefab/PF Village Props - Wheat B 1.prefab using Guid(9ee13aba5241f4845865c241ab8d50e0) Importer(815301076,1909f56bfc062723c751e8b465ee728b)  -> (artifact id: '359e36219c130b59e0830c2cf5fd5cd3') in 0.012387 seconds 
========================================================================
Received Import Request.
  Time since last request: 0.000314 seconds.
  path: Assets/GamePlay/Game/Prefab/PF Village Props - Wheat E 1.prefab
  artifactKey: Guid(5d399930361344e44ac6cc0beda429b3) Importer(815301076,1909f56bfc062723c751e8b465ee728b)
Start importing Assets/GamePlay/Game/Prefab/PF Village Props - Wheat E 1.prefab using Guid(5d399930361344e44ac6cc0beda429b3) Importer(815301076,1909f56bfc062723c751e8b465ee728b)  -> (artifact id: 'cc023dd950cd8aa92ff93e4d12bf9dce') in 0.012626 seconds 
========================================================================
Received Import Request.
  Time since last request: 0.000305 seconds.
  path: Assets/GamePlay/Game/Prefab/PF Village Props - Wheat C 1.prefab
  artifactKey: Guid(bd6c84e78bab2c4438d648935747aec7) Importer(815301076,1909f56bfc062723c751e8b465ee728b)
Start importing Assets/GamePlay/Game/Prefab/PF Village Props - Wheat C 1.prefab using Guid(bd6c84e78bab2c4438d648935747aec7) Importer(815301076,1909f56bfc062723c751e8b465ee728b)  -> (artifact id: 'd4397b38561c321dc8c931f619d52887') in 0.012103 seconds 
========================================================================
Received Import Request.
  Time since last request: 0.000283 seconds.
  path: Assets/GamePlay/Game/Prefab/PF Village Props - Wheat A 1.prefab
  artifactKey: Guid(1352ed76cda507d448ae32b3ed95c59e) Importer(815301076,1909f56bfc062723c751e8b465ee728b)
Start importing Assets/GamePlay/Game/Prefab/PF Village Props - Wheat A 1.prefab using Guid(1352ed76cda507d448ae32b3ed95c59e) Importer(815301076,1909f56bfc062723c751e8b465ee728b)  -> (artifact id: 'c1b47a751ac3566b3fd67d7766814547') in 0.012638 seconds 
========================================================================
Received Import Request.
  Time since last request: 8.521455 seconds.
  path: Assets/GamePlay/Game/Prefab/PF Village Props - Statue 2.prefab
  artifactKey: Guid(8cb50a6ab6db4a14cb51dea789241683) Importer(815301076,1909f56bfc062723c751e8b465ee728b)
Start importing Assets/GamePlay/Game/Prefab/PF Village Props - Statue 2.prefab using Guid(8cb50a6ab6db4a14cb51dea789241683) Importer(815301076,1909f56bfc062723c751e8b465ee728b)  -> (artifact id: '341032dd2b0805ee65a7e0c5de77ba46') in 0.013048 seconds 
========================================================================
Received Import Request.
  Time since last request: 0.000280 seconds.
  path: Assets/GamePlay/Game/Prefab/PF Village Props - Wheat B 2.prefab
  artifactKey: Guid(44a9ad05ce7332145a207b69556418e4) Importer(815301076,1909f56bfc062723c751e8b465ee728b)
Start importing Assets/GamePlay/Game/Prefab/PF Village Props - Wheat B 2.prefab using Guid(44a9ad05ce7332145a207b69556418e4) Importer(815301076,1909f56bfc062723c751e8b465ee728b)  -> (artifact id: '304bd573b30a3e0295f8202b7c111232') in 0.012468 seconds 
========================================================================
Received Import Request.
  Time since last request: 0.000261 seconds.
  path: Assets/GamePlay/Game/Prefab/PF Village Props - Wheat C 2.prefab
  artifactKey: Guid(e8c49e7185b43db4e87f2d2b88899556) Importer(815301076,1909f56bfc062723c751e8b465ee728b)
Start importing Assets/GamePlay/Game/Prefab/PF Village Props - Wheat C 2.prefab using Guid(e8c49e7185b43db4e87f2d2b88899556) Importer(815301076,1909f56bfc062723c751e8b465ee728b)  -> (artifact id: 'a923178ebaeb001c2fb398e180e1075f') in 0.011429 seconds 
========================================================================
Received Import Request.
  Time since last request: 0.000277 seconds.
  path: Assets/GamePlay/Game/Prefab/PF Village Props - Wheat A 2.prefab
  artifactKey: Guid(e134973caa92a4f4f9cbb21f8e4abc89) Importer(815301076,1909f56bfc062723c751e8b465ee728b)
Start importing Assets/GamePlay/Game/Prefab/PF Village Props - Wheat A 2.prefab using Guid(e134973caa92a4f4f9cbb21f8e4abc89) Importer(815301076,1909f56bfc062723c751e8b465ee728b)  -> (artifact id: '98f2a4e55e2e79c7bff35bc4ee19b72f') in 0.012530 seconds 
========================================================================
Received Import Request.
  Time since last request: 0.000256 seconds.
  path: Assets/GamePlay/Game/Prefab/PF Village Props - Wheat D 2.prefab
  artifactKey: Guid(4db719acf6ca8794fb587f37a0afd423) Importer(815301076,1909f56bfc062723c751e8b465ee728b)
Start importing Assets/GamePlay/Game/Prefab/PF Village Props - Wheat D 2.prefab using Guid(4db719acf6ca8794fb587f37a0afd423) Importer(815301076,1909f56bfc062723c751e8b465ee728b)  -> (artifact id: 'c768829e8fb54d0e4270da76b8b5e2a3') in 0.012181 seconds 
AssetImportWorkerClient::OnTransportError - code=2 error=End of file
